<?xml version="1.0" encoding="UTF-8" ?>
<testsuite tests="1" failures="0" name="com.prvyx.dao.UserTest" time="0.792" errors="0" skipped="0">
  <properties>
    <property name="idea.version" value="2021.2"/>
    <property name="java.runtime.name" value="OpenJDK Runtime Environment"/>
    <property name="java.vm.version" value="16+36-2231"/>
    <property name="sun.boot.library.path" value="C:\Users\呵\.jdks\openjdk-16\bin"/>
    <property name="maven.multiModuleProjectDirectory" value="C:\Users\呵\Desktop\bilibili\java-bilibili"/>
    <property name="java.vm.vendor" value="Oracle Corporation"/>
    <property name="java.vendor.url" value="https://java.oracle.com/"/>
    <property name="guice.disable.misplaced.annotation.check" value="true"/>
    <property name="path.separator" value=";"/>
    <property name="java.vm.name" value="OpenJDK 64-Bit Server VM"/>
    <property name="sun.os.patch.level" value=""/>
    <property name="user.script" value=""/>
    <property name="user.country" value="CN"/>
    <property name="sun.java.launcher" value="SUN_STANDARD"/>
    <property name="java.vm.specification.name" value="Java Virtual Machine Specification"/>
    <property name="user.dir" value="C:\Users\呵\Desktop\bilibili\java-bilibili"/>
    <property name="java.vm.compressedOopsMode" value="Zero based"/>
    <property name="java.runtime.version" value="16+36-2231"/>
    <property name="os.arch" value="amd64"/>
    <property name="java.io.tmpdir" value="C:\Users\呵\AppData\Local\Temp\"/>
    <property name="line.separator" value="
"/>
    <property name="java.vm.specification.vendor" value="Oracle Corporation"/>
    <property name="user.variant" value=""/>
    <property name="os.name" value="Windows 10"/>
    <property name="maven.ext.class.path" value="C:\Program Files\JetBrains\IntelliJ IDEA 2021.2\plugins\maven\lib\maven-event-listener.jar"/>
    <property name="archetypeCatalog" value="internal"/>
    <property name="classworlds.conf" value="C:\Users\呵\Maven\apache-maven-3.8.2\bin\m2.conf"/>
    <property name="sun.jnu.encoding" value="GBK"/>
    <property name="java.library.path" value="C:\Users\呵\.jdks\openjdk-16\bin;C:\WINDOWS\Sun\Java\bin;C:\WINDOWS\system32;C:\WINDOWS;C:\windows\system32;C:\windows;C:\windows\System32\Wbem;C:\windows\System32\WindowsPowerShell\v1.0\;C:\windows\System32\OpenSSH\;C:\Program Files (x86)\NVIDIA Corporation\PhysX\Common;C:\Program Files\Intel\WiFi\bin\;C:\Program Files\Common Files\Intel\WirelessCommon\;C:\Program Files (x86)\Intel\Intel(R) Management Engine Components\DAL;C:\Program Files\Intel\Intel(R) Management Engine Components\DAL;C:\WINDOWS\system32;C:\WINDOWS;C:\WINDOWS\System32\Wbem;C:\WINDOWS\System32\WindowsPowerShell\v1.0\;C:\WINDOWS\System32\OpenSSH\;C:\Users\呵\.jdks\openjdk-16\bin;C:\Users\呵\.jdks\openjdk-16\bin;C:\Users\呵\Tomcat\apache-tomcat-9.0.50\bin;C:\Program Files\MySQL\MySQL Server 8.0\bin;C:\Program Files\Microsoft SQL Server\Client SDK\ODBC\170\Tools\Binn\;C:\Program Files (x86)\Microsoft SQL Server\150\Tools\Binn\;C:\Program Files\Microsoft SQL Server\150\Tools\Binn\;C:\Program Files\Microsoft SQL Server\150\DTS\Binn\;C:\Program Files (x86)\Microsoft SQL Server\150\DTS\Binn\;C:\Program Files\Azure Data Studio\bin;C:\Users\呵\mingw64\bin;C:\Program Files\nodejs\;C:\Program Files\Docker\Docker\resources\bin;C:\ProgramData\DockerDesktop\version-bin;C:\Program Files\dotnet\;C:\Users\呵\Desktop\ffmpeg-master-latest-win64-gpl\ffmpeg-master-latest-win64-gpl\bin;C:\Program Files\Git\cmd;C:\Users\呵\AppData\Local\Programs\Python\Python310\Scripts\;C:\Users\呵\AppData\Local\Programs\Python\Python310\;C:\Users\呵\AppData\Local\Microsoft\WindowsApps;C:\Users\呵\AppData\Local\Programs\Microsoft VS Code\bin;C:\Program Files\JetBrains\WebStorm 2021.2\bin;C:\Program Files\JetBrains\IntelliJ IDEA 2021.2\bin;C:\Users\呵\Maven\apache-maven-3.8.2\bin;C:\Program Files\JetBrains\PyCharm Community Edition 2021.2.2\bin;C:\Mingw\bin;C:\Users\呵\AppData\Roaming\npm;C:\Users\呵\.dotnet\tools;."/>
    <property name="maven.conf" value="C:\Users\呵\Maven\apache-maven-3.8.2/conf"/>
    <property name="jdk.debug" value="release"/>
    <property name="java.class.version" value="60.0"/>
    <property name="java.specification.name" value="Java Platform API Specification"/>
    <property name="sun.management.compiler" value="HotSpot 64-Bit Tiered Compilers"/>
    <property name="maven.repo.local" value="C:\Users\呵\Maven\apache-maven-3.8.2\repository"/>
    <property name="os.version" value="10.0"/>
    <property name="user.home" value="C:\Users\呵"/>
    <property name="user.timezone" value="Asia/Shanghai"/>
    <property name="file.encoding" value="UTF-8"/>
    <property name="java.specification.version" value="16"/>
    <property name="user.name" value="Tobe"/>
    <property name="java.class.path" value="C:\Users\呵\Maven\apache-maven-3.8.2\boot\plexus-classworlds-2.6.0.jar;C:\Users\呵\Maven\apache-maven-3.8.2\boot\plexus-classworlds.license"/>
    <property name="java.vm.specification.version" value="16"/>
    <property name="sun.arch.data.model" value="64"/>
    <property name="sun.java.command" value="org.codehaus.classworlds.Launcher -Didea.version=2021.2 -s C:\Users\呵\Maven\apache-maven-3.8.2\conf\settings.xml -Dmaven.repo.local=C:\Users\呵\Maven\apache-maven-3.8.2\repository test"/>
    <property name="java.home" value="C:\Users\呵\.jdks\openjdk-16"/>
    <property name="user.language" value="zh"/>
    <property name="java.specification.vendor" value="Oracle Corporation"/>
    <property name="java.vm.info" value="mixed mode, sharing"/>
    <property name="java.version" value="16"/>
    <property name="java.vendor" value="Oracle Corporation"/>
    <property name="maven.home" value="C:\Users\呵\Maven\apache-maven-3.8.2"/>
    <property name="file.separator" value="\"/>
    <property name="java.version.date" value="2021-03-16"/>
    <property name="java.vendor.url.bug" value="https://bugreport.java.com/bugreport/"/>
    <property name="sun.io.unicode.encoding" value="UnicodeLittle"/>
    <property name="sun.cpu.endian" value="little"/>
    <property name="sun.cpu.isalist" value="amd64"/>
  </properties>
  <testcase classname="com.prvyx.dao.UserTest" name="test" time="0.792"/>
</testsuite>